2020-10-25 15:28:48 [INFO ] c.sbs.example.lolHi.LolHiApplication - Starting LolHiApplication on SBS-77 with PID 5632 (C:\work\sts-4.4.0.RELEASE-workspace\lolHi\target\classes started by SBS- in C:\work\sts-4.4.0.RELEASE-workspace\lolHi)
2020-10-25 15:28:48 [INFO ] c.sbs.example.lolHi.LolHiApplication - The following profiles are active: local
2020-10-25 15:28:48 [INFO ] o.s.b.d.e.DevToolsPropertyDefaultsPostProcessor - Devtools property defaults active! Set 'spring.devtools.add-properties' to 'false' to disable
2020-10-25 15:28:48 [INFO ] o.s.b.d.e.DevToolsPropertyDefaultsPostProcessor - For additional web related logging consider setting the 'logging.level.web' property to 'DEBUG'
2020-10-25 15:28:49 [INFO ] o.s.b.w.e.tomcat.TomcatWebServer - Tomcat initialized with port(s): 8085 (http)
2020-10-25 15:28:49 [INFO ] o.a.coyote.http11.Http11NioProtocol - Initializing ProtocolHandler ["http-nio-8085"]
2020-10-25 15:28:49 [INFO ] o.a.catalina.core.StandardService - Starting service [Tomcat]
2020-10-25 15:28:49 [INFO ] o.a.catalina.core.StandardEngine - Starting Servlet engine: [Apache Tomcat/9.0.38]
2020-10-25 15:28:49 [INFO ] org.apache.jasper.servlet.TldScanner - At least one JAR was scanned for TLDs yet contained no TLDs. Enable debug logging for this logger for a complete list of JARs that were scanned but no TLDs were found in them. Skipping unneeded JARs during scanning can improve startup time and JSP compilation time.
2020-10-25 15:28:49 [INFO ] o.a.c.c.C.[Tomcat].[localhost].[/] - Initializing Spring embedded WebApplicationContext
2020-10-25 15:28:49 [INFO ] o.s.b.w.s.c.ServletWebServerApplicationContext - Root WebApplicationContext: initialization completed in 921 ms
2020-10-25 15:28:50 [INFO ] o.s.s.c.ThreadPoolTaskExecutor - Initializing ExecutorService 'applicationTaskExecutor'
2020-10-25 15:28:50 [INFO ] o.s.b.d.a.OptionalLiveReloadServer - LiveReload server is running on port 35729
2020-10-25 15:28:50 [INFO ] o.a.coyote.http11.Http11NioProtocol - Starting ProtocolHandler ["http-nio-8085"]
2020-10-25 15:28:50 [INFO ] o.s.b.w.e.tomcat.TomcatWebServer - Tomcat started on port(s): 8085 (http) with context path ''
2020-10-25 15:28:50 [INFO ] c.sbs.example.lolHi.LolHiApplication - Started LolHiApplication in 1.808 seconds (JVM running for 2.424)
2020-10-25 15:29:25 [INFO ] o.a.c.c.C.[Tomcat].[localhost].[/] - Initializing Spring DispatcherServlet 'dispatcherServlet'
2020-10-25 15:29:25 [INFO ] o.s.web.servlet.DispatcherServlet - Initializing Servlet 'dispatcherServlet'
2020-10-25 15:29:25 [INFO ] o.s.web.servlet.DispatcherServlet - Completed initialization in 4 ms
2020-10-25 15:34:10 [INFO ] o.s.s.c.ThreadPoolTaskExecutor - Shutting down ExecutorService 'applicationTaskExecutor'
